<?xml version="1.0" encoding="UTF-8"?>
<!-- Generated by org.testng.reporters.JUnitReportReporter -->
<testsuite hostname="QAPLANET-PC" name="myPack.Pratyusha" tests="6" failures="0" timestamp="26 Feb 2019 02:58:16 GMT" time="37.194" errors="0">
  <testcase name="deleteEmp" time="0.000" classname="myPack.Pratyusha"/>
  <testcase name="addLocation" time="0.000" classname="myPack.Pratyusha"/>
  <testcase name="editEmp" time="0.000" classname="myPack.Pratyusha"/>
  <testcase name="editLocation" time="0.000" classname="myPack.Pratyusha"/>
  <testcase name="addEmp" time="28.154" classname="myPack.Pratyusha"/>
  <testcase name="verifyLogin" time="9.040" classname="myPack.Pratyusha"/>
</testsuite> <!-- myPack.Pratyusha -->
